0 verbose cli /usr/local/bin/node /usr/local/bin/npm
1 info using npm@10.9.2
2 info using node@v23.11.0
3 silly config load:file:/usr/local/lib/node_modules/npm/npmrc
4 silly config load:file:/var/www/.npmrc
5 silly config load:file:/usr/local/etc/npmrc
6 verbose title npm install
7 verbose argv "install"
8 verbose logfile logs-max:10 dir:/var/www/.npm/_logs/2025-04-26T04_56_10_471Z-
9 verbose logfile /var/www/.npm/_logs/2025-04-26T04_56_10_471Z-debug-0.log
10 silly logfile done cleaning log files
11 silly packumentCache heap:4345298944 maxSize:1086324736 maxEntrySize:543162368
12 silly idealTree buildDeps
13 silly reify moves {}
14 http fetch GET 200 https://registry.npmjs.org/npm 426ms
15 verbose stack Error: EACCES: permission denied, mkdir '/var/www/node_modules/@esbuild/aix-ppc64'
15 verbose stack     at async mkdir (node:internal/fs/promises:853:10)
15 verbose stack     at async /usr/local/lib/node_modules/npm/node_modules/@npmcli/arborist/lib/arborist/reify.js:624:20
15 verbose stack     at async Promise.allSettled (index 0)
15 verbose stack     at async [reifyPackages] (/usr/local/lib/node_modules/npm/node_modules/@npmcli/arborist/lib/arborist/reify.js:325:11)
15 verbose stack     at async Arborist.reify (/usr/local/lib/node_modules/npm/node_modules/@npmcli/arborist/lib/arborist/reify.js:142:5)
15 verbose stack     at async Install.exec (/usr/local/lib/node_modules/npm/lib/commands/install.js:150:5)
15 verbose stack     at async Npm.exec (/usr/local/lib/node_modules/npm/lib/npm.js:207:9)
15 verbose stack     at async module.exports (/usr/local/lib/node_modules/npm/lib/cli/entry.js:74:5)
16 error code EACCES
17 error syscall mkdir
18 error path /var/www/node_modules/@esbuild/aix-ppc64
19 error errno -13
20 error Error: EACCES: permission denied, mkdir '/var/www/node_modules/@esbuild/aix-ppc64'
20 error     at async mkdir (node:internal/fs/promises:853:10)
20 error     at async /usr/local/lib/node_modules/npm/node_modules/@npmcli/arborist/lib/arborist/reify.js:624:20
20 error     at async Promise.allSettled (index 0)
20 error     at async [reifyPackages] (/usr/local/lib/node_modules/npm/node_modules/@npmcli/arborist/lib/arborist/reify.js:325:11)
20 error     at async Arborist.reify (/usr/local/lib/node_modules/npm/node_modules/@npmcli/arborist/lib/arborist/reify.js:142:5)
20 error     at async Install.exec (/usr/local/lib/node_modules/npm/lib/commands/install.js:150:5)
20 error     at async Npm.exec (/usr/local/lib/node_modules/npm/lib/npm.js:207:9)
20 error     at async module.exports (/usr/local/lib/node_modules/npm/lib/cli/entry.js:74:5) {
20 error   errno: -13,
20 error   code: 'EACCES',
20 error   syscall: 'mkdir',
20 error   path: '/var/www/node_modules/@esbuild/aix-ppc64'
20 error }
21 error
21 error The operation was rejected by your operating system.
21 error It is likely you do not have the permissions to access this file as the current user
21 error
21 error If you believe this might be a permissions issue, please double-check the
21 error permissions of the file and its containing directories, or try running
21 error the command again as root/Administrator.
22 silly unfinished npm timer reify 1745643371074
23 silly unfinished npm timer reify:createSparse 1745643371408
24 verbose cwd /var/www
25 verbose os Linux 5.15.167.4-microsoft-standard-WSL2
26 verbose node v23.11.0
27 verbose npm  v10.9.2
28 notice
28 notice New major version of npm available! 10.9.2 -> 11.3.0
28 notice Changelog: https://github.com/npm/cli/releases/tag/v11.3.0
28 notice To update run: npm install -g npm@11.3.0
28 notice  { force: true, [Symbol(proc-log.meta)]: true }
29 verbose exit -13
30 verbose code -13
31 error A complete log of this run can be found in: /var/www/.npm/_logs/2025-04-26T04_56_10_471Z-debug-0.log
